<?xml version="1.0" encoding="UTF-8"?>
<robot generator="Robot 6.0.2 (Python 3.10.10 on darwin)" generated="20230321 10:57:41.535" rpa="false" schemaversion="3">
<suite id="s1" name="TableWeb" source="/Users/shibahar/PycharmProjects/RobotAutomationFramework/TestSuite/FunctionalTest/TableWeb.robot">
<test id="s1-t1" name="table validation" line="11">
<kw name="Open Browser" library="SeleniumLibrary">
<arg>https://testautomationpractice.blogspot.com/</arg>
<arg>chrome</arg>
<doc>Opens a new browser instance to the optional ``url``.</doc>
<msg timestamp="20230321 10:57:41.630" level="INFO">Opening browser 'chrome' to base url 'https://testautomationpractice.blogspot.com/'.</msg>
<status status="PASS" starttime="20230321 10:57:41.630" endtime="20230321 10:57:51.198"/>
</kw>
<kw name="Maximize Browser Window" library="SeleniumLibrary">
<doc>Maximizes current browser window.</doc>
<status status="PASS" starttime="20230321 10:57:51.199" endtime="20230321 10:57:51.310"/>
</kw>
<kw name="Get Element Count" library="SeleniumLibrary">
<var>${rowscount}</var>
<arg>xpath://table[@name='BookTable']/tbody/tr</arg>
<doc>Returns the number of elements matching ``locator``.</doc>
<msg timestamp="20230321 10:57:51.376" level="INFO">${rowscount} = 7</msg>
<status status="PASS" starttime="20230321 10:57:51.311" endtime="20230321 10:57:51.376"/>
</kw>
<kw name="Get Element Count" library="SeleniumLibrary">
<var>${columnscount}</var>
<arg>xpath://table[@name='BookTable']/tbody/tr[1]/th</arg>
<doc>Returns the number of elements matching ``locator``.</doc>
<msg timestamp="20230321 10:57:51.394" level="INFO">${columnscount} = 4</msg>
<status status="PASS" starttime="20230321 10:57:51.376" endtime="20230321 10:57:51.394"/>
</kw>
<kw name="Log To Console" library="BuiltIn">
<arg>${rowscount}</arg>
<doc>Logs the given message to the console.</doc>
<status status="PASS" starttime="20230321 10:57:51.394" endtime="20230321 10:57:51.394"/>
</kw>
<kw name="Log To Console" library="BuiltIn">
<arg>${columnscount}</arg>
<doc>Logs the given message to the console.</doc>
<status status="PASS" starttime="20230321 10:57:51.395" endtime="20230321 10:57:51.395"/>
</kw>
<status status="PASS" starttime="20230321 10:57:41.630" endtime="20230321 10:57:51.395"/>
</test>
<doc>Basic search test</doc>
<status status="PASS" starttime="20230321 10:57:41.536" endtime="20230321 10:57:51.395"/>
</suite>
<statistics>
<total>
<stat pass="1" fail="0" skip="0">All Tests</stat>
</total>
<tag>
</tag>
<suite>
<stat pass="1" fail="0" skip="0" id="s1" name="TableWeb">TableWeb</stat>
</suite>
</statistics>
<errors>
</errors>
</robot>
