<?xml version="1.0" encoding="UTF-8"?>
<robot generator="Robot 6.0.2 (Python 3.10.10 on darwin)" generated="20230320 12:38:40.833" rpa="false" schemaversion="3">
<suite id="s1" name="radio button Checkbox" source="/Users/shibahar/PycharmProjects/RobotAutomationFramework/TestSuite/FunctionalTest/radio_button_Checkbox.robot">
<test id="s1-t1" name="Verify Basic search functionality in Ebay" line="12">
<kw name="Open Browser" library="SeleniumLibrary">
<arg>${url}</arg>
<arg>${browser}</arg>
<doc>Opens a new browser instance to the optional ``url``.</doc>
<msg timestamp="20230320 12:38:40.939" level="INFO">Opening browser 'chrome' to base url 'https://rahulshettyacademy.com/AutomationPractice/'.</msg>
<status status="PASS" starttime="20230320 12:38:40.938" endtime="20230320 12:38:56.245"/>
</kw>
<kw name="Set Selenium Speed" library="SeleniumLibrary">
<arg>2seconds</arg>
<doc>Sets the delay that is waited after each Selenium command.</doc>
<status status="PASS" starttime="20230320 12:38:56.245" endtime="20230320 12:38:56.246"/>
</kw>
<kw name="Select Radio Button" library="SeleniumLibrary">
<arg>radioButton</arg>
<arg>radio1</arg>
<doc>Sets the radio button group ``group_name`` to ``value``.</doc>
<msg timestamp="20230320 12:38:56.247" level="INFO">Selecting 'radio1' from radio button 'radioButton'.</msg>
<status status="PASS" starttime="20230320 12:38:56.246" endtime="20230320 12:39:02.808"/>
</kw>
<kw name="Click Element" library="SeleniumLibrary">
<arg>//input[@value='radio1']</arg>
<doc>Click the element identified by ``locator``.</doc>
<msg timestamp="20230320 12:39:02.812" level="INFO">Clicking element '//input[@value='radio1']'.</msg>
<status status="PASS" starttime="20230320 12:39:02.809" endtime="20230320 12:39:06.894"/>
</kw>
<kw name="Select Checkbox" library="SeleniumLibrary">
<arg>checkBoxOption1</arg>
<doc>Selects the checkbox identified by ``locator``.</doc>
<msg timestamp="20230320 12:39:06.896" level="INFO">Selecting checkbox 'checkBoxOption1'.</msg>
<status status="PASS" starttime="20230320 12:39:06.894" endtime="20230320 12:39:14.989"/>
</kw>
<kw name="Unselect Checkbox" library="SeleniumLibrary">
<arg>checkBoxOption1</arg>
<doc>Removes the selection of checkbox identified by ``locator``.</doc>
<msg timestamp="20230320 12:39:14.995" level="INFO">Unselecting checkbox 'checkBoxOption1'.</msg>
<status status="PASS" starttime="20230320 12:39:14.992" endtime="20230320 12:39:23.096"/>
</kw>
<kw name="Get Selenium Speed" library="SeleniumLibrary">
<var>${speed}</var>
<doc>Gets the delay that is waited after each Selenium command.</doc>
<msg timestamp="20230320 12:39:23.096" level="INFO">${speed} = 2 seconds</msg>
<status status="PASS" starttime="20230320 12:39:23.096" endtime="20230320 12:39:23.096"/>
</kw>
<kw name="Log To Console" library="BuiltIn">
<arg>${speed}</arg>
<doc>Logs the given message to the console.</doc>
<status status="PASS" starttime="20230320 12:39:23.097" endtime="20230320 12:39:23.097"/>
</kw>
<kw name="Close Browser" library="SeleniumLibrary">
<doc>Closes the current browser.</doc>
<status status="PASS" starttime="20230320 12:39:23.097" endtime="20230320 12:39:26.185"/>
</kw>
<doc>This testcase verifies the basic radio button functionality</doc>
<tag>Functional</tag>
<status status="PASS" starttime="20230320 12:38:40.938" endtime="20230320 12:39:26.187"/>
</test>
<doc>Basic search test</doc>
<status status="PASS" starttime="20230320 12:38:40.834" endtime="20230320 12:39:26.188"/>
</suite>
<statistics>
<total>
<stat pass="1" fail="0" skip="0">All Tests</stat>
</total>
<tag>
<stat pass="1" fail="0" skip="0">Functional</stat>
</tag>
<suite>
<stat pass="1" fail="0" skip="0" id="s1" name="radio button Checkbox">radio button Checkbox</stat>
</suite>
</statistics>
<errors>
</errors>
</robot>
